[debug] [2023-02-17T05:24:57.274Z] ----------------------------------------------------------------------
[debug] [2023-02-17T05:24:57.277Z] Command:       C:\Program Files\node.exe C:\Users\XD\AppData\Roaming\npm\node_modules\firebase-tools\lib\bin\firebase.js init
[debug] [2023-02-17T05:24:57.278Z] CLI Version:   11.23.1
[debug] [2023-02-17T05:24:57.278Z] Platform:      win32
[debug] [2023-02-17T05:24:57.279Z] Node Version:  v18.12.1
[debug] [2023-02-17T05:24:57.281Z] Time:          Thu Feb 16 2023 23:24:57 GMT-0600 (hora estándar central)
[debug] [2023-02-17T05:24:57.281Z] ----------------------------------------------------------------------
[debug] 
[debug] [2023-02-17T05:24:57.295Z] > command requires scopes: ["email","openid","https://www.googleapis.com/auth/cloudplatformprojects.readonly","https://www.googleapis.com/auth/firebase","https://www.googleapis.com/auth/cloud-platform"]
[debug] [2023-02-17T05:24:57.296Z] > authorizing via signed-in user (erikmendex840@gmail.com)
[info] 
     ######## #### ########  ######## ########     ###     ######  ########
     ##        ##  ##     ## ##       ##     ##  ##   ##  ##       ##
     ######    ##  ########  ######   ########  #########  ######  ######
     ##        ##  ##    ##  ##       ##     ## ##     ##       ## ##
     ##       #### ##     ## ######## ########  ##     ##  ######  ########

You're about to initialize a Firebase project in this directory:

  C:\Users\XD\Desktop\sample-01

[info] 
=== Project Setup
[info] 
[info] First, let's associate this project directory with a Firebase project.
[info] You can create multiple project aliases by running firebase use --add, 
[info] but for now we'll just set up a default project.
[info] 
[debug] [2023-02-17T05:25:21.252Z] > refreshing access token with scopes: []
[debug] [2023-02-17T05:25:21.255Z] >>> [apiv2][query] POST https://www.googleapis.com/oauth2/v3/token [none]
[debug] [2023-02-17T05:25:21.256Z] >>> [apiv2][body] POST https://www.googleapis.com/oauth2/v3/token [omitted]
[debug] [2023-02-17T05:25:21.740Z] <<< [apiv2][status] POST https://www.googleapis.com/oauth2/v3/token 200
[debug] [2023-02-17T05:25:21.741Z] <<< [apiv2][body] POST https://www.googleapis.com/oauth2/v3/token [omitted]
[debug] [2023-02-17T05:25:21.863Z] >>> [apiv2][query] GET https://firebase.googleapis.com/v1beta1/projects pageSize=100
[debug] [2023-02-17T05:25:22.384Z] <<< [apiv2][status] GET https://firebase.googleapis.com/v1beta1/projects 200
[debug] [2023-02-17T05:25:22.385Z] <<< [apiv2][body] GET https://firebase.googleapis.com/v1beta1/projects [omitted]
[debug] [2023-02-17T05:25:45.458Z] ----------------------------------------------------------------------
[debug] [2023-02-17T05:25:45.461Z] Command:       C:\Program Files\node.exe C:\Users\XD\AppData\Roaming\npm\node_modules\firebase-tools\lib\bin\firebase.js init
[debug] [2023-02-17T05:25:45.462Z] CLI Version:   11.23.1
[debug] [2023-02-17T05:25:45.463Z] Platform:      win32
[debug] [2023-02-17T05:25:45.463Z] Node Version:  v18.12.1
[debug] [2023-02-17T05:25:45.465Z] Time:          Thu Feb 16 2023 23:25:45 GMT-0600 (hora estándar central)
[debug] [2023-02-17T05:25:45.466Z] ----------------------------------------------------------------------
[debug] 
[debug] [2023-02-17T05:25:45.479Z] > command requires scopes: ["email","openid","https://www.googleapis.com/auth/cloudplatformprojects.readonly","https://www.googleapis.com/auth/firebase","https://www.googleapis.com/auth/cloud-platform"]
[debug] [2023-02-17T05:25:45.480Z] > authorizing via signed-in user (erikmendex840@gmail.com)
[info] 
     ######## #### ########  ######## ########     ###     ######  ########
     ##        ##  ##     ## ##       ##     ##  ##   ##  ##       ##
     ######    ##  ########  ######   ########  #########  ######  ######
     ##        ##  ##    ##  ##       ##     ## ##     ##       ## ##
     ##       #### ##     ## ######## ########  ##     ##  ######  ########

You're about to initialize a Firebase project in this directory:

  C:\Users\XD\Desktop\sample-01

[info] 
=== Project Setup
[info] 
[info] First, let's associate this project directory with a Firebase project.
[info] You can create multiple project aliases by running firebase use --add, 
[info] but for now we'll just set up a default project.
[info] 
[info] i  If you want to create a project in a Google Cloud organization or folder, please use "firebase projects:create" instead, and return to this command when you've created the project. 
[debug] [2023-02-17T05:29:20.784Z] >>> [apiv2][query] POST https://cloudresourcemanager.googleapis.com/v1/projects [none]
[debug] [2023-02-17T05:29:20.785Z] >>> [apiv2][body] POST https://cloudresourcemanager.googleapis.com/v1/projects {"projectId":"angular-login-81bf8","name":"angular-login"}
[debug] [2023-02-17T05:29:21.445Z] <<< [apiv2][status] POST https://cloudresourcemanager.googleapis.com/v1/projects 409
[debug] [2023-02-17T05:29:21.445Z] <<< [apiv2][body] POST https://cloudresourcemanager.googleapis.com/v1/projects {"error":{"code":409,"message":"Requested entity already exists","status":"ALREADY_EXISTS"}}
[debug] [2023-02-17T05:29:21.604Z] FirebaseError: HTTP Error: 409, Requested entity already exists
    at responseToError (C:\Users\XD\AppData\Roaming\npm\node_modules\firebase-tools\lib\responseToError.js:49:12)
    at RetryOperation._fn (C:\Users\XD\AppData\Roaming\npm\node_modules\firebase-tools\lib\apiv2.js:288:77)
    at process.processTicksAndRejections (node:internal/process/task_queues:95:5)
[error] 
[error] Error: Failed to create project because there is already a project with ID angular-login-81bf8. Please try again with a unique project ID.
